<?xml version="1.0" encoding="UTF-8"?>
<!-- Generated by org.testng.reporters.JUnitReportReporter -->
<testsuite hostname="guru" failures="0" tests="2" name="mavenSample.Mavenjava.RESTAPITest" time="0.005" errors="0" timestamp="2021-06-26T20:04:49 IST" skipped="0">
  <testcase classname="mavenSample.Mavenjava.RESTAPITest" name="deleteTwitter" time="0.003"/>
  <system-out/>
  <testcase classname="mavenSample.Mavenjava.RESTAPITest" name="postJira" time="0.002"/>
  <system-out/>
</testsuite> <!-- mavenSample.Mavenjava.RESTAPITest -->
