<?xml version="1.0" encoding="UTF-8"?>
<!-- Generated by org.testng.reporters.JUnitReportReporter -->
<testsuite hostname="guru" failures="0" tests="2" name="mavenSample.Mavenjava.RESTAPITest" time="0.000" errors="0" timestamp="2021-06-26T20:39:11 IST" skipped="0">
  <testcase classname="mavenSample.Mavenjava.RESTAPITest" name="postJira" time="0.000"/>
  <system-out/>
  <testcase classname="mavenSample.Mavenjava.RESTAPITest" name="deleteTwitter" time="0.000"/>
  <system-out/>
</testsuite> <!-- mavenSample.Mavenjava.RESTAPITest -->
