<?xml version="1.0" encoding="UTF-8"?>
<!-- Generated by org.testng.reporters.JUnitReportReporter -->
<testsuite hostname="guru" failures="0" tests="2" name="mavenSample.Mavenjava.SeleniumTest" time="0.002" errors="0" timestamp="2021-06-26T20:38:32 IST" skipped="0">
  <testcase classname="mavenSample.Mavenjava.SeleniumTest" name="BrowserAutomation" time="0.001"/>
  <system-out/>
  <testcase classname="mavenSample.Mavenjava.SeleniumTest" name="elementUI" time="0.001"/>
  <system-out/>
</testsuite> <!-- mavenSample.Mavenjava.SeleniumTest -->
